c:\users\sna14\onedrive\바탕 화면\복습\win32복습\win32gameengine\gameengine\x64\debug\gameengine.pch
c:\users\sna14\onedrive\바탕 화면\복습\win32복습\win32gameengine\gameengine\x64\debug\vc142.pdb
c:\users\sna14\onedrive\바탕 화면\복습\win32복습\win32gameengine\gameengine\x64\debug\vc142.idb
c:\users\sna14\onedrive\바탕 화면\복습\win32복습\win32gameengine\gameengine\x64\debug\ccore.obj
c:\users\sna14\onedrive\바탕 화면\복습\win32복습\win32gameengine\gameengine\x64\debug\ckeymgr.obj
c:\users\sna14\onedrive\바탕 화면\복습\win32복습\win32gameengine\gameengine\x64\debug\cmissile.obj
c:\users\sna14\onedrive\바탕 화면\복습\win32복습\win32gameengine\gameengine\x64\debug\cmonster.obj
c:\users\sna14\onedrive\바탕 화면\복습\win32복습\win32gameengine\gameengine\x64\debug\cobject.obj
c:\users\sna14\onedrive\바탕 화면\복습\win32복습\win32gameengine\gameengine\x64\debug\cpathmgr.obj
c:\users\sna14\onedrive\바탕 화면\복습\win32복습\win32gameengine\gameengine\x64\debug\cplayer.obj
c:\users\sna14\onedrive\바탕 화면\복습\win32복습\win32gameengine\gameengine\x64\debug\cres.obj
c:\users\sna14\onedrive\바탕 화면\복습\win32복습\win32gameengine\gameengine\x64\debug\cscene.obj
c:\users\sna14\onedrive\바탕 화면\복습\win32복습\win32gameengine\gameengine\x64\debug\cscenemgr.obj
c:\users\sna14\onedrive\바탕 화면\복습\win32복습\win32gameengine\gameengine\x64\debug\cscene_start.obj
c:\users\sna14\onedrive\바탕 화면\복습\win32복습\win32gameengine\gameengine\x64\debug\csound.obj
c:\users\sna14\onedrive\바탕 화면\복습\win32복습\win32gameengine\gameengine\x64\debug\ctexture.obj
c:\users\sna14\onedrive\바탕 화면\복습\win32복습\win32gameengine\gameengine\x64\debug\ctimermgr.obj
c:\users\sna14\onedrive\바탕 화면\복습\win32복습\win32gameengine\gameengine\x64\debug\gameengine.obj
c:\users\sna14\onedrive\바탕 화면\복습\win32복습\win32gameengine\gameengine\x64\debug\cresmgr.obj
c:\users\sna14\onedrive\바탕 화면\복습\win32복습\win32gameengine\output\bin_debug\gameengine.exe
c:\users\sna14\onedrive\바탕 화면\복습\win32복습\win32gameengine\gameengine\x64\debug\gameengine.ilk
c:\users\sna14\onedrive\바탕 화면\복습\win32복습\win32gameengine\output\bin_debug\gameengine.pdb
c:\users\sna14\onedrive\바탕 화면\복습\win32복습\win32gameengine\gameengine\x64\debug\gameengine.res
c:\users\sna14\onedrive\바탕 화면\복습\win32복습\win32gameengine\gameengine\x64\debug\gameengine.tlog\cl.command.1.tlog
c:\users\sna14\onedrive\바탕 화면\복습\win32복습\win32gameengine\gameengine\x64\debug\gameengine.tlog\cl.read.1.tlog
c:\users\sna14\onedrive\바탕 화면\복습\win32복습\win32gameengine\gameengine\x64\debug\gameengine.tlog\cl.write.1.tlog
c:\users\sna14\onedrive\바탕 화면\복습\win32복습\win32gameengine\gameengine\x64\debug\gameengine.tlog\link.command.1.tlog
c:\users\sna14\onedrive\바탕 화면\복습\win32복습\win32gameengine\gameengine\x64\debug\gameengine.tlog\link.read.1.tlog
c:\users\sna14\onedrive\바탕 화면\복습\win32복습\win32gameengine\gameengine\x64\debug\gameengine.tlog\link.write.1.tlog
c:\users\sna14\onedrive\바탕 화면\복습\win32복습\win32gameengine\gameengine\x64\debug\gameengine.tlog\rc.command.1.tlog
c:\users\sna14\onedrive\바탕 화면\복습\win32복습\win32gameengine\gameengine\x64\debug\gameengine.tlog\rc.read.1.tlog
c:\users\sna14\onedrive\바탕 화면\복습\win32복습\win32gameengine\gameengine\x64\debug\gameengine.tlog\rc.write.1.tlog
